<?xml version="1.0" encoding="UTF-8"?>
<!-- Generated by org.testng.reporters.JUnitReportReporter -->
<testsuite hostname="Roby" failures="0" tests="1" name="Scripts.TestCase2" time="9.726" errors="0" timestamp="2023-10-11T18:14:18 BST" skipped="0">
  <testcase classname="Scripts.TestCase2" name="tc2" time="9.726"/>
  <system-out/>
</testsuite> <!-- Scripts.TestCase2 -->
