<?xml version="1.0" encoding="UTF-8"?>
<!-- Generated by org.testng.reporters.JUnitReportReporter -->
<testsuite hostname="Roby" failures="0" tests="1" name="Scripts.TestCase1" time="11.420" errors="0" timestamp="2023-10-12T10:24:07 BST" skipped="0">
  <testcase classname="Scripts.TestCase1" name="tc1" time="11.420"/>
  <system-out/>
</testsuite> <!-- Scripts.TestCase1 -->
